\BOOKMARK [1][-]{section.1}{\376\377\000V\000i\000s\000u\000a\000l\000i\000z\000a\000t\000i\000o\000n\000s}{}% 1
\BOOKMARK [1][-]{section.2}{\376\377\000R\000e\000p\000o\000r\000t}{}% 2
\BOOKMARK [2][-]{subsection.2.1}{\376\377\000T\000o\000p\000i\000c\000\040\000S\000e\000l\000e\000c\000t\000i\000o\000n}{section.2}% 3
\BOOKMARK [3][-]{subsubsection.2.1.1}{\376\377\000T\000o\000p\000i\000c\000\040\000I\000d\000e\000a\000t\000i\000o\000n}{subsection.2.1}% 4
\BOOKMARK [3][-]{subsubsection.2.1.2}{\376\377\000T\000o\000p\000i\000c\000\040\000S\000e\000l\000e\000c\000t\000i\000o\000n\000\040\000a\000n\000d\000\040\000Q\000u\000e\000s\000t\000i\000o\000n}{subsection.2.1}% 5
\BOOKMARK [2][-]{subsection.2.2}{\376\377\000D\000a\000t\000a}{section.2}% 6
\BOOKMARK [3][-]{subsubsection.2.2.1}{\376\377\000R\000e\000q\000u\000i\000r\000e\000d\000\040\000D\000a\000t\000a}{subsection.2.2}% 7
\BOOKMARK [3][-]{subsubsection.2.2.2}{\376\377\000D\000a\000t\000a\000\040\000G\000a\000t\000h\000e\000r\000i\000n\000g}{subsection.2.2}% 8
\BOOKMARK [2][-]{subsection.2.3}{\376\377\000E\000a\000r\000n\000e\000s\000t\000\040\000V\000i\000s\000u\000a\000l\000i\000z\000a\000t\000i\000o\000n\000:\000\040\000I\000t\000e\000r\000a\000t\000i\000v\000e\000\040\000I\000m\000p\000r\000o\000v\000e\000m\000e\000n\000t}{section.2}% 9
\BOOKMARK [3][-]{subsubsection.2.3.1}{\376\377\000U\000n\000d\000e\000r\000s\000t\000a\000n\000d\000i\000n\000g\000\040\000T\000h\000e\000\040\000D\000a\000t\000a}{subsection.2.3}% 10
\BOOKMARK [3][-]{subsubsection.2.3.2}{\376\377\000C\000o\000m\000m\000u\000n\000i\000c\000a\000t\000i\000n\000g\000\040\000T\000h\000e\000\040\000D\000a\000t\000a}{subsection.2.3}% 11
\BOOKMARK [3][-]{subsubsection.2.3.3}{\376\377\000V\000i\000s\000u\000a\000l\000\040\000E\000n\000c\000o\000d\000i\000n\000g\000s}{subsection.2.3}% 12
\BOOKMARK [3][-]{subsubsection.2.3.4}{\376\377\000I\000t\000e\000r\000a\000t\000i\000v\000e\000\040\000I\000m\000p\000r\000o\000v\000e\000m\000e\000n\000t}{subsection.2.3}% 13
\BOOKMARK [2][-]{subsection.2.4}{\376\377\000M\000i\000s\000s\000l\000e\000a\000d\000i\000n\000g\000\040\000V\000i\000s\000u\000a\000l\000i\000z\000a\000t\000i\000o\000n\000:\000\040\000I\000t\000e\000r\000a\000t\000i\000v\000e\000\040\000D\000e\000c\000e\000i\000t}{section.2}% 14
\BOOKMARK [3][-]{subsubsection.2.4.1}{\376\377\000D\000a\000t\000a\000\040\000O\000b\000f\000u\000s\000c\000a\000t\000i\000o\000n}{subsection.2.4}% 15
\BOOKMARK [3][-]{subsubsection.2.4.2}{\376\377\000I\000t\000e\000r\000a\000t\000i\000v\000e\000\040\000D\000e\000c\000e\000i\000t}{subsection.2.4}% 16
\BOOKMARK [3][-]{subsubsection.2.4.3}{\376\377\000E\000f\000f\000e\000c\000t\000i\000v\000e\000n\000e\000s\000s}{subsection.2.4}% 17
\BOOKMARK [2][-]{subsection.2.5}{\376\377\000F\000i\000n\000a\000l\000\040\000D\000e\000s\000i\000g\000n\000s}{section.2}% 18
\BOOKMARK [3][-]{subsubsection.2.5.1}{\376\377\000D\000o\000\040\000b\000o\000t\000h\000\040\000a\000n\000s\000w\000e\000r\000\040\000t\000h\000e\000\040\000q\000u\000e\000s\000t\000i\000o\000n\000?}{subsection.2.5}% 19
\BOOKMARK [3][-]{subsubsection.2.5.2}{\376\377\000C\000o\000n\000c\000l\000u\000s\000i\000o\000n}{subsection.2.5}% 20
